make all --print-data-base --no-builtin-variables --no-builtin-rules --question
# GNU Make 3.81
# Copyright (C) 2006  Free Software Foundation, Inc.
# This is free software; see the source for copying conditions.
# There is NO warranty; not even for MERCHANTABILITY or FITNESS FOR A
# PARTICULAR PURPOSE.

# This program built for i386-apple-darwin11.3.0
 

# Make data base, printed on Thu Feb 17 12:29:28 2022
 

# Variables

# automatic
<D = $(patsubst %/,%,$(dir $<))
# automatic
?F = $(notdir $?)
# makefile (from `Makefile', line 19)
OBJ = *.o
# automatic
?D = $(patsubst %/,%,$(dir $?))
# automatic
@D = $(patsubst %/,%,$(dir $@))
# automatic
@F = $(notdir $@)
# makefile
CURDIR := /Users/tsuetsug/Desktop/Cluster/so_long
# makefile
SHELL = /bin/sh
# makefile (from `Makefile', line 29)
RM = rm -f
# environment
VSCODE_NLS_CONFIG = {"locale":"ja","availableLanguages":{},"_languagePackSupport":true}
# environment
_ = /usr/bin/make
# makefile (from `Makefile', line 1)
MAKEFILE_LIST :=  Makefile
# makefile (from `Makefile', line 25)
MLB_FLAGS = -I /usr/X11/include -g -L /usr/X11/lib -l mlx -framework OpenGL -framework AppKit
# environment
VSCODE_NODE_CACHED_DATA_DIR = /Users/tsuetsug/Library/Application Support/Code/CachedData/91899dcef7b8110878ea59626991a18c8a6a1b3e
# environment
VERBOSE_LOGGING = true
# environment
VSCODE_LOGS = /Users/tsuetsug/Library/Application Support/Code/logs/20220217T093437
# environment
VSCODE_IPC_HOOK_EXTHOST = /var/folders/zz/zyxvpxvq6csfxvn_n0000pbh0005kw/T/vscode-ipc-9432c673-439d-4e18-876d-63cc742b3252.sock
# environment
Apple_PubSub_Socket_Render = /private/tmp/com.apple.launchd.yLTIJWKqwQ/Render
# environment
PATH = /usr/local/bin:/usr/bin:/bin:/usr/sbin:/sbin:/usr/local/go/bin:/usr/local/munki
# environment
VSCODE_LOG_STACK = false
# environment
ELECTRON_RUN_AS_NODE = 1
# default
.FEATURES := target-specific order-only second-expansion else-if archives jobserver check-symlink
# makefile (from `Makefile', line 28)
CC_FLAGS = -Wall -Wextra -Werror
# environment
SSH_AUTH_SOCK = /private/tmp/com.apple.launchd.eYKI5Qyv1l/Listeners
# automatic
%F = $(notdir $%)
# environment
PWD = /Users/tsuetsug/Desktop/Cluster/so_long
# environment
ORIGINAL_XDG_CURRENT_DESKTOP = undefined
# environment
HOME = /Users/tsuetsug
# default
MAKEFILEPATH := /Applications/Xcode.app/Contents/Developer/Makefiles
# environment
LOGNAME = tsuetsug
# environment
APPLICATION_INSIGHTS_NO_DIAGNOSTIC_CHANNEL = true
# makefile (from `Makefile', line 21)
HEADERS = includes/so_long.h
# environment
VSCODE_HANDLES_UNCAUGHT_ERRORS = true
# automatic
^D = $(patsubst %/,%,$(dir $^))
# environment
XPC_FLAGS = 0x0
# default
MAKE = $(MAKE_COMMAND)
# default
MAKECMDGOALS := all
# makefile (from `Makefile', line 16)
SRCS = srcs/so_long.c srcs/ft_mlx.c srcs/import_file.c srcs/so_long_utils.c srcs/import_file_error.c
# environment
SHLVL = 1
# makefile (from `Makefile', line 23)
LIBFT = libft/libft.a
# makefile (from `Makefile', line 27)
CC = gcc
# default
MAKE_VERSION := 3.81
# environment
AMD_ENTRYPOINT = vs/workbench/services/extensions/node/extensionHostProcess
# environment
USER = tsuetsug
# makefile
.DEFAULT_GOAL := all
# makefile (from `Makefile', line 14)
NAME = so_long
# environment
PIPE_LOGGING = true
# automatic
%D = $(patsubst %/,%,$(dir $%))
# default
MAKE_COMMAND := /Applications/Xcode.app/Contents/Developer/usr/bin/make
# default
.VARIABLES := 
# environment
TMPDIR = /var/folders/zz/zyxvpxvq6csfxvn_n0000pbh0005kw/T/
# automatic
*F = $(notdir $*)
# environment
VSCODE_IPC_HOOK = /Users/tsuetsug/Library/Application Support/Code/1.47.3-main.sock
# makefile
MAKEFLAGS = Rrqp
# environment
MFLAGS = -Rrqp
# automatic
*D = $(patsubst %/,%,$(dir $*))
# environment
XPC_SERVICE_NAME = com.apple.xpc.launchd.oneshot.0x1000000e.Electron
# automatic
+D = $(patsubst %/,%,$(dir $+))
# automatic
+F = $(notdir $+)
# environment
__CF_USER_TEXT_ENCODING = 0x165C:0x0:0x0
# environment
COMMAND_MODE = unix2003
# default
MAKEFILES := 
# automatic
<F = $(notdir $<)
# environment
LC_ALL = C
# environment
TMOUT = 86400
# environment
SECURITYSESSIONID = 1873a
# automatic
^F = $(notdir $^)
# default
SUFFIXES := 
# default
.INCLUDE_DIRS = /usr/local/include
 
# environment
MAKELEVEL := 0
# environment
LANG = C
# environment
VSCODE_PID = 3447
# variable set hash-table stats:
# Load=72/1024=7%, Rehash=0, Collisions=10/120=8%

# Pattern-specific Variable Values

# No pattern-specific variable values.

# Directories

# . (device 16777227, inode 893660): 16 files, no impossibilities.

# 16 files, no impossibilities in 1 directories.

# Implicit Rules

%.o: %.c
#  commands to execute (from `Makefile', line 32):
	$(CC) -Wall -Wextra -Werror -Imlx -c $< -o $@
	

# 1 implicit rules, 0 (0.0%) terminal.

# Files

all: so_long
#  Command-line target.
#  Implicit rule search has been done.
#  File does not exist.
#  File has been updated.
#  Needs to be updated (-q is set).
# variable set hash-table stats:
# Load=0/32=0%, Rehash=0, Collisions=0/22=0%

# Not a target:
.SUFFIXES:
#  Implicit rule search has not been done.
#  Modification time never checked.
#  File has not been updated.

# Not a target:
Makefile:
#  Implicit rule search has been done.
#  Last modified 2022-02-17 12:29:15
#  File has been updated.
#  Successfully updated.
# variable set hash-table stats:
# Load=0/32=0%, Rehash=0, Collisions=0/0=0%

fclean: clean
#  Implicit rule search has not been done.
#  Modification time never checked.
#  File has not been updated.
#  commands to execute (from `Makefile', line 53):
	@echo "$(BWHITE)Removing object-files and binary-files...$(OFF)"
	$(RM) $(NAME)
	@cd libft && $(MAKE) fclean
	@echo "$(BGREEN)Fclean done.$(OFF)"
	

# Not a target:
.DEFAULT:
#  Implicit rule search has not been done.
#  Modification time never checked.
#  File has not been updated.

re: fclean all
#  Implicit rule search has not been done.
#  Modification time never checked.
#  File has not been updated.

clean:
#  Implicit rule search has not been done.
#  Modification time never checked.
#  File has not been updated.
#  commands to execute (from `Makefile', line 47):
	@echo "$(BWHITE)Removing object-files...$(OFF)"
	$(RM) $(OBJ)
	@cd libft && $(MAKE) clean
	@echo "$(BGREEN)Clean done.$(OFF)"
	

so_long:
#  Implicit rule search has not been done.
#  Implicit/static pattern stem: `'
#  File does not exist.
#  File has been updated.
#  Needs to be updated (-q is set).
# automatic
# @ := so_long
# automatic
# % := 
# automatic
# * := 
# automatic
# + := 
# automatic
# | := 
# automatic
# < := 
# automatic
# ^ := 
# automatic
# ? := 
# variable set hash-table stats:
# Load=8/32=25%, Rehash=0, Collisions=4/30=13%
#  commands to execute (from `Makefile', line 37):
	@echo "$(BWHITE)Compiling libraries...$(OFF)"
	${MAKE} -C libft
	@echo "$(BGREEN)Libraries done.$(OFF)"
	@echo "$(BWHITE)Compiling so_long...$(OFF)"
	$(CC) $(CC_FLAGS) -c $(SRCS) -I $(HEADERS)
	$(CC) -g -o $(NAME) $(OBJ) $(LIBFT) $(CC_FLAGS) $(MLB_FLAGS)
	@echo "$(BGREEN)so_long build completed.$(OFF)"
	

# files hash-table stats:
# Load=8/1024=1%, Rehash=0, Collisions=0/26=0%
# VPATH Search Paths

# No `vpath' search paths.

# No general (`VPATH' variable) search path.

# # of strings in strcache: 1
# # of strcache buffers: 1
# strcache size: total = 4096 / max = 4096 / min = 4096 / avg = 4096
# strcache free: total = 4087 / max = 4087 / min = 4087 / avg = 4087

# Finished Make data base on Thu Feb 17 12:29:28 2022

 
